<?xml version="1.0" encoding="UTF-8"?>
<testsuite name="LibraryManagerTest" tests="1" skipped="0" failures="0" errors="0" timestamp="2021-08-05T19:06:35" hostname="jchhabra-mac1.local" time="0.006">
  <properties/>
  <testcase name="sample()" classname="LibraryManagerTest" time="0.006"/>
  <system-out><![CDATA[]]></system-out>
  <system-err><![CDATA[]]></system-err>
</testsuite>
